app/build/intermediates/manifest_merge_blame_file/release/manifest-merger-blame-release-report.txt
1<?xml version="1.0" encoding="utf-8"?>
2<manifest xmlns:android="http://schemas.android.com/apk/res/android"
3    package="com.example.proyectocomp"
4    android:versionCode="1"
5    android:versionName="1.0" >
6
7    <uses-sdk
8        android:minSdkVersion="19"
8-->src\main\AndroidManifest.xml
9        android:targetSdkVersion="29" />
9-->src\main\AndroidManifest.xml
10
11    <uses-permission android:name="android.permission.INTERNET" />
11-->src\main\AndroidManifest.xml:5:5-67
11-->src\main\AndroidManifest.xml:5:22-64
12    <uses-permission android:name="android.permission.WRITE_EXTERNAL_STORAGE" />
12-->src\main\AndroidManifest.xml:6:5-97
12-->src\main\AndroidManifest.xml:6:22-78
13    <uses-permission android:name="android.permission.READ_EXTERNAL_STORAGE" />
13-->src\main\AndroidManifest.xml:7:5-96
13-->src\main\AndroidManifest.xml:7:22-77
14
15    <application
15-->src\main\AndroidManifest.xml:9:5-46:19
16        android:name="androidx.multidex.MultiDexApplication"
17        android:allowBackup="true"
17-->src\main\AndroidManifest.xml:10:9-35
18        android:appComponentFactory="androidx.core.app.CoreComponentFactory"
18-->[androidx.core:core:1.3.1] AndroidManifest.xml:24:18-86
19        android:icon="@mipmap/ic_launcher"
19-->src\main\AndroidManifest.xml:11:9-43
20        android:label="@string/app_name"
20-->src\main\AndroidManifest.xml:12:9-41
21        android:roundIcon="@mipmap/ic_launcher_round"
21-->src\main\AndroidManifest.xml:13:9-54
22        android:supportsRtl="true"
22-->src\main\AndroidManifest.xml:14:9-35
23        android:theme="@style/AppTheme"
23-->src\main\AndroidManifest.xml:15:9-40
24        android:usesCleartextTraffic="true" >
24-->src\main\AndroidManifest.xml:16:9-44
25        <activity
25-->src\main\AndroidManifest.xml:17:9-19:20
26            android:name="com.example.proyectocomp.NavegarionDrawerPac"
26-->src\main\AndroidManifest.xml:17:19-54
27            android:theme="@style/AppTheme.NoActionBar" >
27-->src\main\AndroidManifest.xml:18:13-56
28        </activity>
29        <activity android:name="com.example.proyectocomp.SelectEspecialidades" />
29-->src\main\AndroidManifest.xml:20:9-58
29-->src\main\AndroidManifest.xml:20:19-55
30        <activity android:name="com.example.proyectocomp.panCarga" />
30-->src\main\AndroidManifest.xml:21:9-46
30-->src\main\AndroidManifest.xml:21:19-43
31        <activity
31-->src\main\AndroidManifest.xml:22:9-24:59
32            android:name="com.example.proyectocomp.NavegationDrawerDoc"
32-->src\main\AndroidManifest.xml:23:13-48
33            android:theme="@style/AppTheme.NoActionBar" />
33-->src\main\AndroidManifest.xml:24:13-56
34        <activity android:name="com.example.proyectocomp.cambiarContra2" />
34-->src\main\AndroidManifest.xml:25:9-52
34-->src\main\AndroidManifest.xml:25:19-49
35        <activity android:name="com.example.proyectocomp.validarCodigo2" />
35-->src\main\AndroidManifest.xml:26:9-52
35-->src\main\AndroidManifest.xml:26:19-49
36        <activity android:name="com.example.proyectocomp.RecuperacionP" />
36-->src\main\AndroidManifest.xml:27:9-51
36-->src\main\AndroidManifest.xml:27:19-48
37        <activity android:name="com.example.proyectocomp.CambiarContra" />
37-->src\main\AndroidManifest.xml:28:9-51
37-->src\main\AndroidManifest.xml:28:19-48
38        <activity android:name="com.example.proyectocomp.ValidarCodigo" />
38-->src\main\AndroidManifest.xml:29:9-51
38-->src\main\AndroidManifest.xml:29:19-48
39        <activity android:name="com.example.proyectocomp.RecuperacionM" />
39-->src\main\AndroidManifest.xml:30:9-51
39-->src\main\AndroidManifest.xml:30:19-48
40        <activity android:name="com.example.proyectocomp.loginDoc" />
40-->src\main\AndroidManifest.xml:31:9-46
40-->src\main\AndroidManifest.xml:31:19-43
41        <activity android:name="com.example.proyectocomp.Paciente" />
41-->src\main\AndroidManifest.xml:32:9-46
41-->src\main\AndroidManifest.xml:32:19-43
42        <activity android:name="com.example.proyectocomp.RegistroDoc" />
42-->src\main\AndroidManifest.xml:33:9-49
42-->src\main\AndroidManifest.xml:33:19-46
43        <activity android:name="com.example.proyectocomp.RegistroPa" />
43-->src\main\AndroidManifest.xml:34:9-48
43-->src\main\AndroidManifest.xml:34:19-45
44        <activity android:name="com.example.proyectocomp.MainActivity" >
44-->src\main\AndroidManifest.xml:35:9-41:20
44-->src\main\AndroidManifest.xml:35:19-47
45            <intent-filter>
45-->src\main\AndroidManifest.xml:36:13-40:29
46                <action android:name="android.intent.action.MAIN" />
46-->src\main\AndroidManifest.xml:37:17-69
46-->src\main\AndroidManifest.xml:37:25-66
47
48                <category android:name="android.intent.category.LAUNCHER" />
48-->src\main\AndroidManifest.xml:39:17-77
48-->src\main\AndroidManifest.xml:39:27-74
49            </intent-filter>
50        </activity>
51
52        <meta-data
52-->src\main\AndroidManifest.xml:43:9-45:57
53            android:name="preloaded_fonts"
53-->src\main\AndroidManifest.xml:44:13-43
54            android:resource="@array/preloaded_fonts" />
54-->src\main\AndroidManifest.xml:45:13-54
55
56        <provider
56-->[androidx.lifecycle:lifecycle-process:2.2.0] AndroidManifest.xml:25:9-29:43
57            android:name="androidx.lifecycle.ProcessLifecycleOwnerInitializer"
57-->[androidx.lifecycle:lifecycle-process:2.2.0] AndroidManifest.xml:26:13-79
58            android:authorities="com.example.proyectocomp.lifecycle-process"
58-->[androidx.lifecycle:lifecycle-process:2.2.0] AndroidManifest.xml:27:13-69
59            android:exported="false"
59-->[androidx.lifecycle:lifecycle-process:2.2.0] AndroidManifest.xml:28:13-37
60            android:multiprocess="true" />
60-->[androidx.lifecycle:lifecycle-process:2.2.0] AndroidManifest.xml:29:13-40
61    </application>
62
63</manifest>